<?xml version="1.0" encoding="UTF-8"?>
<!-- Generated by org.testng.reporters.JUnitXMLReporter -->
<testsuite ignored="0" hostname="DESKTOP-C84JI4A" failures="2" tests="4" name="Login tests" time="49.298" errors="0" timestamp="2024-04-20T21:45:47 BDT">
  <testcase classname="TestCases.Web.tests.ProductTests" name="testToVerifyAddToCart" time="9.256"/>
  <testcase classname="TestCases.Web.tests.ProductTests" name="testToVerifyAddToCart2" time="6.185">
    <failure type="java.lang.AssertionError" message="Add cart button is not clicked expected [true] but found [false]">
      <![CDATA[java.lang.AssertionError: Add cart button is not clicked expected [true] but found [false]
at AbstarctComponents.Web.FrameworkAssertionLibrary.stepAssertionShouldBeTrue(FrameworkAssertionLibrary.java:23)
at TestCases.Web.steps.TestSteps.clickingAddToCart2(TestSteps.java:39)
at TestCases.Web.tests.ProductTests.testToVerifyAddToCart2(ProductTests.java:17)
at java.base/java.util.ArrayList.forEach(ArrayList.java:1541)
at java.base/java.util.concurrent.FutureTask.run(FutureTask.java:264)
at java.base/java.util.concurrent.ThreadPoolExecutor.runWorker(ThreadPoolExecutor.java:1128)
at java.base/java.util.concurrent.ThreadPoolExecutor$Worker.run(ThreadPoolExecutor.java:628)
at java.base/java.lang.Thread.run(Thread.java:834)
... Removed 20 stack frames]]>
    </failure>
  </testcase> <!-- testToVerifyAddToCart2 -->
  <testcase classname="TestCases.Web.tests.ProductTests" name="testToVerifyAddToCart3" time="9.235"/>
  <testcase classname="TestCases.Web.tests.ProductTests" name="testToVerifyAddToCart4" time="6.19">
    <failure type="java.lang.AssertionError" message="Add cart button is not clicked expected [true] but found [false]">
      <![CDATA[java.lang.AssertionError: Add cart button is not clicked expected [true] but found [false]
at AbstarctComponents.Web.FrameworkAssertionLibrary.stepAssertionShouldBeTrue(FrameworkAssertionLibrary.java:23)
at TestCases.Web.steps.TestSteps.clickingAddToCart2(TestSteps.java:39)
at TestCases.Web.tests.ProductTests.testToVerifyAddToCart4(ProductTests.java:30)
at java.base/java.util.ArrayList.forEach(ArrayList.java:1541)
at java.base/java.util.concurrent.FutureTask.run(FutureTask.java:264)
at java.base/java.util.concurrent.ThreadPoolExecutor.runWorker(ThreadPoolExecutor.java:1128)
at java.base/java.util.concurrent.ThreadPoolExecutor$Worker.run(ThreadPoolExecutor.java:628)
at java.base/java.lang.Thread.run(Thread.java:834)
... Removed 20 stack frames]]>
    </failure>
  </testcase> <!-- testToVerifyAddToCart4 -->
</testsuite> <!-- Login tests -->
